# JRE version: Java(TM) SE Runtime Environment (17.0.2+8) (build 17.0.2+8-LTS-86)
# Java VM: Java HotSpot(TM) 64-Bit Server VM (17.0.2+8-LTS-86, mixed mode, emulated-client, sharing, tiered, compressed oops, compressed class ptrs, g1 gc, windows-amd64)
GC Precious Log:
 CPUs: 8 total, 8 available
 Memory: 12139M
 Large Page Support: Disabled
 NUMA Support: Disabled
 Compressed Oops: Enabled (Zero based)
 Heap Region Size: 2M
 Heap Min Capacity: 8M
 Heap Initial Capacity: 190M
 Heap Max Capacity: 3036M
 Pre-touch: Disabled
 Parallel Workers: 8
 Concurrent Workers: 2
 Concurrent Refinement Workers: 8
 Periodic GC: Disabled
Heap:
 garbage-first heap   total 75776K, used 23466K [0x0000000742400000, 0x0000000800000000)
  region size 2048K, 3 young (6144K), 2 survivors (4096K)
 Metaspace       used 49430K, committed 49856K, reserved 1097728K
  class space    used 7049K, committed 7232K, reserved 1048576K
GC Heap History (20 events):
Event: 1.476 GC heap before
{Heap before GC invocations=1 (full 0):
 garbage-first heap   total 194560K, used 26992K [0x0000000742400000, 0x0000000800000000)
  region size 2048K, 12 young (24576K), 2 survivors (4096K)
 Metaspace       used 10295K, committed 10560K, reserved 1064960K
  class space    used 1416K, committed 1536K, reserved 1048576K
}
Event: 1.486 GC heap after
{Heap after GC invocations=2 (full 0):
 garbage-first heap   total 194560K, used 8583K [0x0000000742400000, 0x0000000800000000)
  region size 2048K, 1 young (2048K), 1 survivors (2048K)
 Metaspace       used 10295K, committed 10560K, reserved 1064960K
  class space    used 1416K, committed 1536K, reserved 1048576K
}
Event: 2.489 GC heap before
{Heap before GC invocations=2 (full 0):
 garbage-first heap   total 194560K, used 65927K [0x0000000742400000, 0x0000000800000000)
  region size 2048K, 30 young (61440K), 1 survivors (2048K)
 Metaspace       used 19789K, committed 20096K, reserved 1073152K
  class space    used 2659K, committed 2816K, reserved 1048576K
}
Event: 2.495 GC heap after
{Heap after GC invocations=3 (full 0):
 garbage-first heap   total 194560K, used 11431K [0x0000000742400000, 0x0000000800000000)
  region size 2048K, 3 young (6144K), 3 survivors (6144K)
 Metaspace       used 19789K, committed 20096K, reserved 1073152K
  class space    used 2659K, committed 2816K, reserved 1048576K
}
Event: 2.784 GC heap before
{Heap before GC invocations=3 (full 0):
 garbage-first heap   total 194560K, used 21671K [0x0000000742400000, 0x0000000800000000)
  region size 2048K, 9 young (18432K), 3 survivors (6144K)
 Metaspace       used 21220K, committed 21504K, reserved 1073152K
  class space    used 2894K, committed 3008K, reserved 1048576K
}
Event: 2.788 GC heap after
{Heap after GC invocations=4 (full 0):
 garbage-first heap   total 194560K, used 12127K [0x0000000742400000, 0x0000000800000000)
  region size 2048K, 3 young (6144K), 3 survivors (6144K)
 Metaspace       used 21220K, committed 21504K, reserved 1073152K
  class space    used 2894K, committed 3008K, reserved 1048576K
}
Event: 3.398 GC heap before
{Heap before GC invocations=5 (full 0):
 garbage-first heap   total 55296K, used 38751K [0x0000000742400000, 0x0000000800000000)
  region size 2048K, 16 young (32768K), 3 survivors (6144K)
 Metaspace       used 25492K, committed 25856K, reserved 1073152K
  class space    used 3528K, committed 3712K, reserved 1048576K
}
Event: 3.410 GC heap after
{Heap after GC invocations=6 (full 0):
 garbage-first heap   total 55296K, used 15089K [0x0000000742400000, 0x0000000800000000)
  region size 2048K, 2 young (4096K), 2 survivors (4096K)
 Metaspace       used 25492K, committed 25856K, reserved 1073152K
  class space    used 3528K, committed 3712K, reserved 1048576K
}
Event: 3.446 GC heap before
{Heap before GC invocations=6 (full 0):
 garbage-first heap   total 55296K, used 17137K [0x0000000742400000, 0x0000000800000000)
  region size 2048K, 3 young (6144K), 2 survivors (4096K)
 Metaspace       used 25595K, committed 25984K, reserved 1073152K
  class space    used 3546K, committed 3712K, reserved 1048576K
}
Event: 3.452 GC heap after
{Heap after GC invocations=7 (full 0):
 garbage-first heap   total 55296K, used 15643K [0x0000000742400000, 0x0000000800000000)
  region size 2048K, 1 young (2048K), 1 survivors (2048K)
 Metaspace       used 25595K, committed 25984K, reserved 1073152K
  class space    used 3546K, committed 3712K, reserved 1048576K
}
Event: 3.798 GC heap before
{Heap before GC invocations=7 (full 0):
 garbage-first heap   total 55296K, used 36123K [0x0000000742400000, 0x0000000800000000)
  region size 2048K, 11 young (22528K), 1 survivors (2048K)
 Metaspace       used 28641K, committed 28992K, reserved 1081344K
  class space    used 3937K, committed 4096K, reserved 1048576K
}
Event: 3.800 GC heap after
{Heap after GC invocations=8 (full 0):
 garbage-first heap   total 86016K, used 16032K [0x0000000742400000, 0x0000000800000000)
  region size 2048K, 1 young (2048K), 1 survivors (2048K)
 Metaspace       used 28641K, committed 28992K, reserved 1081344K
  class space    used 3937K, committed 4096K, reserved 1048576K
}
Event: 4.513 GC heap before
{Heap before GC invocations=8 (full 0):
 garbage-first heap   total 86016K, used 40608K [0x0000000742400000, 0x0000000800000000)
  region size 2048K, 14 young (28672K), 1 survivors (2048K)
 Metaspace       used 35847K, committed 36160K, reserved 1081344K
  class space    used 5042K, committed 5184K, reserved 1048576K
}
Event: 4.517 GC heap after
{Heap after GC invocations=9 (full 0):
 garbage-first heap   total 86016K, used 17939K [0x0000000742400000, 0x0000000800000000)
  region size 2048K, 2 young (4096K), 2 survivors (4096K)
 Metaspace       used 35847K, committed 36160K, reserved 1081344K
  class space    used 5042K, committed 5184K, reserved 1048576K
}
Event: 5.434 GC heap before
{Heap before GC invocations=10 (full 0):
 garbage-first heap   total 75776K, used 58899K [0x0000000742400000, 0x0000000800000000)
  region size 2048K, 22 young (45056K), 2 survivors (4096K)
 Metaspace       used 44430K, committed 44864K, reserved 1089536K
  class space    used 6383K, committed 6592K, reserved 1048576K
}
Event: 5.442 GC heap after
{Heap after GC invocations=11 (full 0):
 garbage-first heap   total 75776K, used 21007K [0x0000000742400000, 0x0000000800000000)
  region size 2048K, 3 young (6144K), 3 survivors (6144K)
 Metaspace       used 44430K, committed 44864K, reserved 1089536K
  class space    used 6383K, committed 6592K, reserved 1048576K
}
Event: 5.503 GC heap before
{Heap before GC invocations=11 (full 0):
 garbage-first heap   total 75776K, used 23055K [0x0000000742400000, 0x0000000800000000)
  region size 2048K, 4 young (8192K), 3 survivors (6144K)
 Metaspace       used 44792K, committed 45248K, reserved 1089536K
  class space    used 6425K, committed 6656K, reserved 1048576K
}
Event: 5.512 GC heap after
{Heap after GC invocations=12 (full 0):
 garbage-first heap   total 75776K, used 21590K [0x0000000742400000, 0x0000000800000000)
  region size 2048K, 1 young (2048K), 1 survivors (2048K)
 Metaspace       used 44792K, committed 45248K, reserved 1089536K
  class space    used 6425K, committed 6656K, reserved 1048576K
}
Event: 14.144 GC heap before
{Heap before GC invocations=12 (full 0):
 garbage-first heap   total 75776K, used 52310K [0x0000000742400000, 0x0000000800000000)
  region size 2048K, 17 young (34816K), 1 survivors (2048K)
 Metaspace       used 49162K, committed 49536K, reserved 1097728K
  class space    used 7019K, committed 7168K, reserved 1048576K
}
Event: 14.153 GC heap after
{Heap after GC invocations=13 (full 0):
 garbage-first heap   total 75776K, used 23466K [0x0000000742400000, 0x0000000800000000)
  region size 2048K, 2 young (4096K), 2 survivors (4096K)
 Metaspace       used 49162K, committed 49536K, reserved 1097728K
  class space    used 7019K, committed 7168K, reserved 1048576K
}

